tensorflow/examples/android/gradleBuild/outputs/logs/manifest-merger-debug-report.txt
-- Merging decision tree log ---
manifest
ADDED from examples/android/AndroidManifest.xml:18:1-50:12
	package
		ADDED from examples/android/AndroidManifest.xml:19:5-34
	xmlns:android
		ADDED from examples/android/AndroidManifest.xml:18:11-69
uses-permission#android.permission.CAMERA
ADDED from examples/android/AndroidManifest.xml:21:5-65
	android:name
		ADDED from examples/android/AndroidManifest.xml:21:22-62
uses-feature#android.hardware.camera
ADDED from examples/android/AndroidManifest.xml:22:5-60
	android:name
		ADDED from examples/android/AndroidManifest.xml:22:19-57
uses-feature#android.hardware.camera.autofocus
ADDED from examples/android/AndroidManifest.xml:23:5-70
	android:name
		ADDED from examples/android/AndroidManifest.xml:23:19-67
uses-permission#android.permission.WRITE_EXTERNAL_STORAGE
ADDED from examples/android/AndroidManifest.xml:24:5-80
MERGED from [com.google.android.gms:play-services-maps:7.8.0] AndroidManifest.xml:22:5-80
MERGED from [com.google.android.gms:play-services-maps:7.8.0] AndroidManifest.xml:22:5-80
MERGED from [com.google.android.gms:play-services-maps:7.8.0] AndroidManifest.xml:22:5-80
MERGED from [com.google.android.gms:play-services-maps:7.8.0] AndroidManifest.xml:22:5-80
	android:name
		ADDED from examples/android/AndroidManifest.xml:24:22-78
uses-sdk
ADDED from examples/android/AndroidManifest.xml:26:5-28:41
MERGED from [com.android.support:appcompat-v7:22.2.1] AndroidManifest.xml:20:5-43
MERGED from [com.android.support:support-v4:22.2.1] AndroidManifest.xml:20:5-43
MERGED from [com.google.android.gms:play-services:7.8.0] AndroidManifest.xml:18:5-42
MERGED from [com.google.android.gms:play-services-ads:7.8.0] AndroidManifest.xml:23:5-42
MERGED from [com.google.android.gms:play-services-base:7.8.0] AndroidManifest.xml:18:5-42
MERGED from [com.android.support:support-v4:22.2.1] AndroidManifest.xml:20:5-43
MERGED from [com.google.android.gms:play-services-analytics:7.8.0] AndroidManifest.xml:18:5-42
MERGED from [com.google.android.gms:play-services-base:7.8.0] AndroidManifest.xml:18:5-42
MERGED from [com.android.support:support-v4:22.2.1] AndroidManifest.xml:20:5-43
MERGED from [com.google.android.gms:play-services-appindexing:7.8.0] AndroidManifest.xml:18:5-42
MERGED from [com.google.android.gms:play-services-base:7.8.0] AndroidManifest.xml:18:5-42
MERGED from [com.android.support:support-v4:22.2.1] AndroidManifest.xml:20:5-43
MERGED from [com.google.android.gms:play-services-analytics:7.8.0] AndroidManifest.xml:18:5-42
MERGED from [com.google.android.gms:play-services-base:7.8.0] AndroidManifest.xml:18:5-42
MERGED from [com.android.support:support-v4:22.2.1] AndroidManifest.xml:20:5-43
MERGED from [com.google.android.gms:play-services-appindexing:7.8.0] AndroidManifest.xml:18:5-42
MERGED from [com.google.android.gms:play-services-base:7.8.0] AndroidManifest.xml:18:5-42
MERGED from [com.android.support:support-v4:22.2.1] AndroidManifest.xml:20:5-43
MERGED from [com.google.android.gms:play-services-appinvite:7.8.0] AndroidManifest.xml:18:5-42
MERGED from [com.google.android.gms:play-services-base:7.8.0] AndroidManifest.xml:18:5-42
MERGED from [com.android.support:support-v4:22.2.1] AndroidManifest.xml:20:5-43
MERGED from [com.google.android.gms:play-services-appstate:7.8.0] AndroidManifest.xml:18:5-42
MERGED from [com.google.android.gms:play-services-base:7.8.0] AndroidManifest.xml:18:5-42
MERGED from [com.android.support:support-v4:22.2.1] AndroidManifest.xml:20:5-43
MERGED from [com.google.android.gms:play-services-base:7.8.0] AndroidManifest.xml:18:5-42
MERGED from [com.android.support:support-v4:22.2.1] AndroidManifest.xml:20:5-43
MERGED from [com.google.android.gms:play-services-cast:7.8.0] AndroidManifest.xml:18:5-42
MERGED from [com.google.android.gms:play-services-base:7.8.0] AndroidManifest.xml:18:5-42
MERGED from [com.android.support:support-v4:22.2.1] AndroidManifest.xml:20:5-43
MERGED from [com.android.support:mediarouter-v7:22.2.0] AndroidManifest.xml:20:5-43
MERGED from [com.android.support:appcompat-v7:22.2.1] AndroidManifest.xml:20:5-43
MERGED from [com.android.support:support-v4:22.2.1] AndroidManifest.xml:20:5-43
MERGED from [com.google.android.gms:play-services-drive:7.8.0] AndroidManifest.xml:18:5-42
MERGED from [com.google.android.gms:play-services-base:7.8.0] AndroidManifest.xml:18:5-42
MERGED from [com.android.support:support-v4:22.2.1] AndroidManifest.xml:20:5-43
MERGED from [com.google.android.gms:play-services-fitness:7.8.0] AndroidManifest.xml:18:5-42
MERGED from [com.google.android.gms:play-services-base:7.8.0] AndroidManifest.xml:18:5-42
MERGED from [com.android.support:support-v4:22.2.1] AndroidManifest.xml:20:5-43
MERGED from [com.google.android.gms:play-services-location:7.8.0] AndroidManifest.xml:18:5-42
MERGED from [com.google.android.gms:play-services-base:7.8.0] AndroidManifest.xml:18:5-42
MERGED from [com.android.support:support-v4:22.2.1] AndroidManifest.xml:20:5-43
MERGED from [com.google.android.gms:play-services-maps:7.8.0] AndroidManifest.xml:27:5-42
MERGED from [com.google.android.gms:play-services-base:7.8.0] AndroidManifest.xml:18:5-42
MERGED from [com.android.support:support-v4:22.2.1] AndroidManifest.xml:20:5-43
MERGED from [com.google.android.gms:play-services-games:7.8.0] AndroidManifest.xml:18:5-42
MERGED from [com.google.android.gms:play-services-base:7.8.0] AndroidManifest.xml:18:5-42
MERGED from [com.android.support:support-v4:22.2.1] AndroidManifest.xml:20:5-43
MERGED from [com.google.android.gms:play-services-drive:7.8.0] AndroidManifest.xml:18:5-42
MERGED from [com.google.android.gms:play-services-base:7.8.0] AndroidManifest.xml:18:5-42
MERGED from [com.android.support:support-v4:22.2.1] AndroidManifest.xml:20:5-43
MERGED from [com.google.android.gms:play-services-gcm:7.8.0] AndroidManifest.xml:18:5-42
MERGED from [com.google.android.gms:play-services-base:7.8.0] AndroidManifest.xml:18:5-42
MERGED from [com.android.support:support-v4:22.2.1] AndroidManifest.xml:20:5-43
MERGED from [com.google.android.gms:play-services-identity:7.8.0] AndroidManifest.xml:18:5-42
MERGED from [com.google.android.gms:play-services-base:7.8.0] AndroidManifest.xml:18:5-42
MERGED from [com.android.support:support-v4:22.2.1] AndroidManifest.xml:20:5-43
MERGED from [com.google.android.gms:play-services-location:7.8.0] AndroidManifest.xml:18:5-42
MERGED from [com.google.android.gms:play-services-base:7.8.0] AndroidManifest.xml:18:5-42
MERGED from [com.android.support:support-v4:22.2.1] AndroidManifest.xml:20:5-43
MERGED from [com.google.android.gms:play-services-maps:7.8.0] AndroidManifest.xml:27:5-42
MERGED from [com.google.android.gms:play-services-base:7.8.0] AndroidManifest.xml:18:5-42
MERGED from [com.android.support:support-v4:22.2.1] AndroidManifest.xml:20:5-43
MERGED from [com.google.android.gms:play-services-maps:7.8.0] AndroidManifest.xml:27:5-42
MERGED from [com.google.android.gms:play-services-base:7.8.0] AndroidManifest.xml:18:5-42
MERGED from [com.android.support:support-v4:22.2.1] AndroidManifest.xml:20:5-43
MERGED from [com.google.android.gms:play-services-nearby:7.8.0] AndroidManifest.xml:18:5-42
MERGED from [com.google.android.gms:play-services-base:7.8.0] AndroidManifest.xml:18:5-42
MERGED from [com.android.support:support-v4:22.2.1] AndroidManifest.xml:20:5-43
MERGED from [com.google.android.gms:play-services-panorama:7.8.0] AndroidManifest.xml:18:5-42
MERGED from [com.google.android.gms:play-services-base:7.8.0] AndroidManifest.xml:18:5-42
MERGED from [com.android.support:support-v4:22.2.1] AndroidManifest.xml:20:5-43
MERGED from [com.google.android.gms:play-services-plus:7.8.0] AndroidManifest.xml:18:5-42
MERGED from [com.google.android.gms:play-services-base:7.8.0] AndroidManifest.xml:18:5-42
MERGED from [com.android.support:support-v4:22.2.1] AndroidManifest.xml:20:5-43
MERGED from [com.google.android.gms:play-services-safetynet:7.8.0] AndroidManifest.xml:18:5-42
MERGED from [com.google.android.gms:play-services-base:7.8.0] AndroidManifest.xml:18:5-42
MERGED from [com.android.support:support-v4:22.2.1] AndroidManifest.xml:20:5-43
MERGED from [com.google.android.gms:play-services-vision:7.8.0] AndroidManifest.xml:4:5-42
MERGED from [com.google.android.gms:play-services-base:7.8.0] AndroidManifest.xml:18:5-42
MERGED from [com.android.support:support-v4:22.2.1] AndroidManifest.xml:20:5-43
MERGED from [com.google.android.gms:play-services-wallet:7.8.0] AndroidManifest.xml:19:5-42
MERGED from [com.google.android.gms:play-services-base:7.8.0] AndroidManifest.xml:18:5-42
MERGED from [com.android.support:support-v4:22.2.1] AndroidManifest.xml:20:5-43
MERGED from [com.google.android.gms:play-services-identity:7.8.0] AndroidManifest.xml:18:5-42
MERGED from [com.google.android.gms:play-services-base:7.8.0] AndroidManifest.xml:18:5-42
MERGED from [com.android.support:support-v4:22.2.1] AndroidManifest.xml:20:5-43
MERGED from [com.google.android.gms:play-services-maps:7.8.0] AndroidManifest.xml:27:5-42
MERGED from [com.google.android.gms:play-services-base:7.8.0] AndroidManifest.xml:18:5-42
MERGED from [com.android.support:support-v4:22.2.1] AndroidManifest.xml:20:5-43
MERGED from [com.google.android.gms:play-services-wearable:7.8.0] AndroidManifest.xml:18:5-42
MERGED from [com.google.android.gms:play-services-base:7.8.0] AndroidManifest.xml:18:5-42
MERGED from [com.android.support:support-v4:22.2.1] AndroidManifest.xml:20:5-43
	android:targetSdkVersion
		ADDED from examples/android/AndroidManifest.xml:28:9-38
	android:minSdkVersion
		ADDED from examples/android/AndroidManifest.xml:27:9-35
meta-data#com.google.android.gms.vision.DEPENDENCIES
ADDED from examples/android/AndroidManifest.xml:30:5-32:32
	android:value
		ADDED from examples/android/AndroidManifest.xml:32:9-29
	android:name
		ADDED from examples/android/AndroidManifest.xml:31:9-66
application
ADDED from examples/android/AndroidManifest.xml:34:5-48:19
MERGED from [com.android.support:appcompat-v7:22.2.1] AndroidManifest.xml:22:5-20
MERGED from [com.android.support:support-v4:22.2.1] AndroidManifest.xml:22:5-20
MERGED from [com.google.android.gms:play-services:7.8.0] AndroidManifest.xml:19:5-20
MERGED from [com.google.android.gms:play-services-ads:7.8.0] AndroidManifest.xml:24:5-32:19
MERGED from [com.google.android.gms:play-services-base:7.8.0] AndroidManifest.xml:20:5-24:19
MERGED from [com.android.support:support-v4:22.2.1] AndroidManifest.xml:22:5-20
MERGED from [com.google.android.gms:play-services-analytics:7.8.0] AndroidManifest.xml:24:5-20
MERGED from [com.google.android.gms:play-services-base:7.8.0] AndroidManifest.xml:20:5-24:19
MERGED from [com.android.support:support-v4:22.2.1] AndroidManifest.xml:22:5-20
MERGED from [com.google.android.gms:play-services-appindexing:7.8.0] AndroidManifest.xml:19:5-20
MERGED from [com.google.android.gms:play-services-base:7.8.0] AndroidManifest.xml:20:5-24:19
MERGED from [com.android.support:support-v4:22.2.1] AndroidManifest.xml:22:5-20
MERGED from [com.google.android.gms:play-services-analytics:7.8.0] AndroidManifest.xml:24:5-20
MERGED from [com.google.android.gms:play-services-base:7.8.0] AndroidManifest.xml:20:5-24:19
MERGED from [com.android.support:support-v4:22.2.1] AndroidManifest.xml:22:5-20
MERGED from [com.google.android.gms:play-services-appindexing:7.8.0] AndroidManifest.xml:19:5-20
MERGED from [com.google.android.gms:play-services-base:7.8.0] AndroidManifest.xml:20:5-24:19
MERGED from [com.android.support:support-v4:22.2.1] AndroidManifest.xml:22:5-20
MERGED from [com.google.android.gms:play-services-appinvite:7.8.0] AndroidManifest.xml:20:5-20
MERGED from [com.google.android.gms:play-services-base:7.8.0] AndroidManifest.xml:20:5-24:19
MERGED from [com.android.support:support-v4:22.2.1] AndroidManifest.xml:22:5-20
MERGED from [com.google.android.gms:play-services-appstate:7.8.0] AndroidManifest.xml:19:5-20
MERGED from [com.google.android.gms:play-services-base:7.8.0] AndroidManifest.xml:20:5-24:19
MERGED from [com.android.support:support-v4:22.2.1] AndroidManifest.xml:22:5-20
MERGED from [com.google.android.gms:play-services-base:7.8.0] AndroidManifest.xml:20:5-24:19
MERGED from [com.android.support:support-v4:22.2.1] AndroidManifest.xml:22:5-20
MERGED from [com.google.android.gms:play-services-cast:7.8.0] AndroidManifest.xml:19:5-20
MERGED from [com.google.android.gms:play-services-base:7.8.0] AndroidManifest.xml:20:5-24:19
MERGED from [com.android.support:support-v4:22.2.1] AndroidManifest.xml:22:5-20
MERGED from [com.android.support:mediarouter-v7:22.2.0] AndroidManifest.xml:22:5-20
MERGED from [com.android.support:appcompat-v7:22.2.1] AndroidManifest.xml:22:5-20
MERGED from [com.android.support:support-v4:22.2.1] AndroidManifest.xml:22:5-20
MERGED from [com.google.android.gms:play-services-drive:7.8.0] AndroidManifest.xml:19:5-20
MERGED from [com.google.android.gms:play-services-base:7.8.0] AndroidManifest.xml:20:5-24:19
MERGED from [com.android.support:support-v4:22.2.1] AndroidManifest.xml:22:5-20
MERGED from [com.google.android.gms:play-services-fitness:7.8.0] AndroidManifest.xml:19:5-20
MERGED from [com.google.android.gms:play-services-base:7.8.0] AndroidManifest.xml:20:5-24:19
MERGED from [com.android.support:support-v4:22.2.1] AndroidManifest.xml:22:5-20
MERGED from [com.google.android.gms:play-services-location:7.8.0] AndroidManifest.xml:19:5-20
MERGED from [com.google.android.gms:play-services-base:7.8.0] AndroidManifest.xml:20:5-24:19
MERGED from [com.android.support:support-v4:22.2.1] AndroidManifest.xml:22:5-20
MERGED from [com.google.android.gms:play-services-maps:7.8.0] AndroidManifest.xml:28:5-20
MERGED from [com.google.android.gms:play-services-base:7.8.0] AndroidManifest.xml:20:5-24:19
MERGED from [com.android.support:support-v4:22.2.1] AndroidManifest.xml:22:5-20
MERGED from [com.google.android.gms:play-services-games:7.8.0] AndroidManifest.xml:19:5-20
MERGED from [com.google.android.gms:play-services-base:7.8.0] AndroidManifest.xml:20:5-24:19
MERGED from [com.android.support:support-v4:22.2.1] AndroidManifest.xml:22:5-20
MERGED from [com.google.android.gms:play-services-drive:7.8.0] AndroidManifest.xml:19:5-20
MERGED from [com.google.android.gms:play-services-base:7.8.0] AndroidManifest.xml:20:5-24:19
MERGED from [com.android.support:support-v4:22.2.1] AndroidManifest.xml:22:5-20
MERGED from [com.google.android.gms:play-services-gcm:7.8.0] AndroidManifest.xml:24:5-20
MERGED from [com.google.android.gms:play-services-base:7.8.0] AndroidManifest.xml:20:5-24:19
MERGED from [com.android.support:support-v4:22.2.1] AndroidManifest.xml:22:5-20
MERGED from [com.google.android.gms:play-services-identity:7.8.0] AndroidManifest.xml:19:5-20
MERGED from [com.google.android.gms:play-services-base:7.8.0] AndroidManifest.xml:20:5-24:19
MERGED from [com.android.support:support-v4:22.2.1] AndroidManifest.xml:22:5-20
MERGED from [com.google.android.gms:play-services-location:7.8.0] AndroidManifest.xml:19:5-20
MERGED from [com.google.android.gms:play-services-base:7.8.0] AndroidManifest.xml:20:5-24:19
MERGED from [com.android.support:support-v4:22.2.1] AndroidManifest.xml:22:5-20
MERGED from [com.google.android.gms:play-services-maps:7.8.0] AndroidManifest.xml:28:5-20
MERGED from [com.google.android.gms:play-services-base:7.8.0] AndroidManifest.xml:20:5-24:19
MERGED from [com.android.support:support-v4:22.2.1] AndroidManifest.xml:22:5-20
MERGED from [com.google.android.gms:play-services-maps:7.8.0] AndroidManifest.xml:28:5-20
MERGED from [com.google.android.gms:play-services-base:7.8.0] AndroidManifest.xml:20:5-24:19
MERGED from [com.android.support:support-v4:22.2.1] AndroidManifest.xml:22:5-20
MERGED from [com.google.android.gms:play-services-nearby:7.8.0] AndroidManifest.xml:20:5-20
MERGED from [com.google.android.gms:play-services-base:7.8.0] AndroidManifest.xml:20:5-24:19
MERGED from [com.android.support:support-v4:22.2.1] AndroidManifest.xml:22:5-20
MERGED from [com.google.android.gms:play-services-panorama:7.8.0] AndroidManifest.xml:19:5-20
MERGED from [com.google.android.gms:play-services-base:7.8.0] AndroidManifest.xml:20:5-24:19
MERGED from [com.android.support:support-v4:22.2.1] AndroidManifest.xml:22:5-20
MERGED from [com.google.android.gms:play-services-plus:7.8.0] AndroidManifest.xml:19:5-20
MERGED from [com.google.android.gms:play-services-base:7.8.0] AndroidManifest.xml:20:5-24:19
MERGED from [com.android.support:support-v4:22.2.1] AndroidManifest.xml:22:5-20
MERGED from [com.google.android.gms:play-services-safetynet:7.8.0] AndroidManifest.xml:19:5-20
MERGED from [com.google.android.gms:play-services-base:7.8.0] AndroidManifest.xml:20:5-24:19
MERGED from [com.android.support:support-v4:22.2.1] AndroidManifest.xml:22:5-20
MERGED from [com.google.android.gms:play-services-vision:7.8.0] AndroidManifest.xml:5:5-20
MERGED from [com.google.android.gms:play-services-base:7.8.0] AndroidManifest.xml:20:5-24:19
MERGED from [com.android.support:support-v4:22.2.1] AndroidManifest.xml:22:5-20
MERGED from [com.google.android.gms:play-services-base:7.8.0] AndroidManifest.xml:20:5-24:19
MERGED from [com.android.support:support-v4:22.2.1] AndroidManifest.xml:22:5-20
MERGED from [com.google.android.gms:play-services-identity:7.8.0] AndroidManifest.xml:19:5-20
MERGED from [com.google.android.gms:play-services-base:7.8.0] AndroidManifest.xml:20:5-24:19
MERGED from [com.android.support:support-v4:22.2.1] AndroidManifest.xml:22:5-20
MERGED from [com.google.android.gms:play-services-maps:7.8.0] AndroidManifest.xml:28:5-20
MERGED from [com.google.android.gms:play-services-base:7.8.0] AndroidManifest.xml:20:5-24:19
MERGED from [com.android.support:support-v4:22.2.1] AndroidManifest.xml:22:5-20
MERGED from [com.google.android.gms:play-services-wearable:7.8.0] AndroidManifest.xml:19:5-20
MERGED from [com.google.android.gms:play-services-base:7.8.0] AndroidManifest.xml:20:5-24:19
MERGED from [com.android.support:support-v4:22.2.1] AndroidManifest.xml:22:5-20
	android:label
		ADDED from examples/android/AndroidManifest.xml:35:9-29
	android:allowBackup
		ADDED from examples/android/AndroidManifest.xml:34:18-44
	android:icon
		ADDED from examples/android/AndroidManifest.xml:36:9-38
	android:theme
		ADDED from examples/android/AndroidManifest.xml:37:9-45
activity#org.tensorflow.demo.MainActivity
ADDED from examples/android/AndroidManifest.xml:39:9-46:20
	android:screenOrientation
		ADDED from examples/android/AndroidManifest.xml:40:19-55
	android:label
		ADDED from examples/android/AndroidManifest.xml:41:19-39
	android:name
		ADDED from examples/android/AndroidManifest.xml:39:19-47
intent-filter#android.intent.action.MAIN+android.intent.category.LAUNCHER
ADDED from examples/android/AndroidManifest.xml:42:13-45:29
action#android.intent.action.MAIN
ADDED from examples/android/AndroidManifest.xml:43:17-69
	android:name
		ADDED from examples/android/AndroidManifest.xml:43:25-66
category#android.intent.category.LAUNCHER
ADDED from examples/android/AndroidManifest.xml:44:17-77
	android:name
		ADDED from examples/android/AndroidManifest.xml:44:27-74
uses-permission#android.permission.INTERNET
ADDED from [com.google.android.gms:play-services-ads:7.8.0] AndroidManifest.xml:20:5-66
MERGED from [com.google.android.gms:play-services-analytics:7.8.0] AndroidManifest.xml:21:5-67
MERGED from [com.google.android.gms:play-services-analytics:7.8.0] AndroidManifest.xml:21:5-67
MERGED from [com.google.android.gms:play-services-appinvite:7.8.0] AndroidManifest.xml:19:5-67
MERGED from [com.google.android.gms:play-services-maps:7.8.0] AndroidManifest.xml:21:5-66
MERGED from [com.google.android.gms:play-services-gcm:7.8.0] AndroidManifest.xml:22:5-67
MERGED from [com.google.android.gms:play-services-maps:7.8.0] AndroidManifest.xml:21:5-66
MERGED from [com.google.android.gms:play-services-maps:7.8.0] AndroidManifest.xml:21:5-66
MERGED from [com.google.android.gms:play-services-wallet:7.8.0] AndroidManifest.xml:20:5-66
MERGED from [com.google.android.gms:play-services-maps:7.8.0] AndroidManifest.xml:21:5-66
	android:name
		ADDED from [com.google.android.gms:play-services-ads:7.8.0] AndroidManifest.xml:20:22-64
uses-permission#android.permission.ACCESS_NETWORK_STATE
ADDED from [com.google.android.gms:play-services-ads:7.8.0] AndroidManifest.xml:21:5-78
MERGED from [com.google.android.gms:play-services-analytics:7.8.0] AndroidManifest.xml:22:5-79
MERGED from [com.google.android.gms:play-services-analytics:7.8.0] AndroidManifest.xml:22:5-79
MERGED from [com.google.android.gms:play-services-maps:7.8.0] AndroidManifest.xml:20:5-78
MERGED from [com.google.android.gms:play-services-maps:7.8.0] AndroidManifest.xml:20:5-78
MERGED from [com.google.android.gms:play-services-maps:7.8.0] AndroidManifest.xml:20:5-78
MERGED from [com.google.android.gms:play-services-nearby:7.8.0] AndroidManifest.xml:19:5-79
MERGED from [com.google.android.gms:play-services-maps:7.8.0] AndroidManifest.xml:20:5-78
	android:name
		ADDED from [com.google.android.gms:play-services-ads:7.8.0] AndroidManifest.xml:21:22-76
activity#com.google.android.gms.ads.AdActivity
ADDED from [com.google.android.gms:play-services-ads:7.8.0] AndroidManifest.xml:26:9-29:64
	android:configChanges
		ADDED from [com.google.android.gms:play-services-ads:7.8.0] AndroidManifest.xml:28:13-122
	android:theme
		ADDED from [com.google.android.gms:play-services-ads:7.8.0] AndroidManifest.xml:29:13-61
	android:name
		ADDED from [com.google.android.gms:play-services-ads:7.8.0] AndroidManifest.xml:27:13-65
activity#com.google.android.gms.ads.purchase.InAppPurchaseActivity
ADDED from [com.google.android.gms:play-services-ads:7.8.0] AndroidManifest.xml:30:9-31:52
	android:theme
		ADDED from [com.google.android.gms:play-services-ads:7.8.0] AndroidManifest.xml:31:13-50
	android:name
		ADDED from [com.google.android.gms:play-services-ads:7.8.0] AndroidManifest.xml:30:19-91
meta-data#com.google.android.gms.version
ADDED from [com.google.android.gms:play-services-base:7.8.0] AndroidManifest.xml:21:9-23:69
MERGED from [com.google.android.gms:play-services-base:7.8.0] AndroidManifest.xml:21:9-23:69
MERGED from [com.google.android.gms:play-services-base:7.8.0] AndroidManifest.xml:21:9-23:69
MERGED from [com.google.android.gms:play-services-base:7.8.0] AndroidManifest.xml:21:9-23:69
MERGED from [com.google.android.gms:play-services-base:7.8.0] AndroidManifest.xml:21:9-23:69
MERGED from [com.google.android.gms:play-services-base:7.8.0] AndroidManifest.xml:21:9-23:69
MERGED from [com.google.android.gms:play-services-base:7.8.0] AndroidManifest.xml:21:9-23:69
MERGED from [com.google.android.gms:play-services-base:7.8.0] AndroidManifest.xml:21:9-23:69
MERGED from [com.google.android.gms:play-services-base:7.8.0] AndroidManifest.xml:21:9-23:69
MERGED from [com.google.android.gms:play-services-base:7.8.0] AndroidManifest.xml:21:9-23:69
MERGED from [com.google.android.gms:play-services-base:7.8.0] AndroidManifest.xml:21:9-23:69
MERGED from [com.google.android.gms:play-services-base:7.8.0] AndroidManifest.xml:21:9-23:69
MERGED from [com.google.android.gms:play-services-base:7.8.0] AndroidManifest.xml:21:9-23:69
MERGED from [com.google.android.gms:play-services-base:7.8.0] AndroidManifest.xml:21:9-23:69
MERGED from [com.google.android.gms:play-services-base:7.8.0] AndroidManifest.xml:21:9-23:69
MERGED from [com.google.android.gms:play-services-base:7.8.0] AndroidManifest.xml:21:9-23:69
MERGED from [com.google.android.gms:play-services-base:7.8.0] AndroidManifest.xml:21:9-23:69
MERGED from [com.google.android.gms:play-services-base:7.8.0] AndroidManifest.xml:21:9-23:69
MERGED from [com.google.android.gms:play-services-base:7.8.0] AndroidManifest.xml:21:9-23:69
MERGED from [com.google.android.gms:play-services-base:7.8.0] AndroidManifest.xml:21:9-23:69
MERGED from [com.google.android.gms:play-services-base:7.8.0] AndroidManifest.xml:21:9-23:69
MERGED from [com.google.android.gms:play-services-base:7.8.0] AndroidManifest.xml:21:9-23:69
MERGED from [com.google.android.gms:play-services-base:7.8.0] AndroidManifest.xml:21:9-23:69
MERGED from [com.google.android.gms:play-services-base:7.8.0] AndroidManifest.xml:21:9-23:69
MERGED from [com.google.android.gms:play-services-base:7.8.0] AndroidManifest.xml:21:9-23:69
MERGED from [com.google.android.gms:play-services-base:7.8.0] AndroidManifest.xml:21:9-23:69
MERGED from [com.google.android.gms:play-services-base:7.8.0] AndroidManifest.xml:21:9-23:69
MERGED from [com.google.android.gms:play-services-base:7.8.0] AndroidManifest.xml:21:9-23:69
MERGED from [com.google.android.gms:play-services-base:7.8.0] AndroidManifest.xml:21:9-23:69
	android:value
		ADDED from [com.google.android.gms:play-services-base:7.8.0] AndroidManifest.xml:23:13-66
	android:name
		ADDED from [com.google.android.gms:play-services-base:7.8.0] AndroidManifest.xml:22:13-58
uses-feature#0x00020000
ADDED from [com.google.android.gms:play-services-maps:7.8.0] AndroidManifest.xml:23:5-25:33
MERGED from [com.google.android.gms:play-services-maps:7.8.0] AndroidManifest.xml:23:5-25:33
MERGED from [com.google.android.gms:play-services-maps:7.8.0] AndroidManifest.xml:23:5-25:33
MERGED from [com.google.android.gms:play-services-maps:7.8.0] AndroidManifest.xml:23:5-25:33
	android:glEsVersion
		ADDED from [com.google.android.gms:play-services-maps:7.8.0] AndroidManifest.xml:24:8-40
	android:required
		ADDED from [com.google.android.gms:play-services-maps:7.8.0] AndroidManifest.xml:25:8-31
android:uses-permission#android.permission.READ_EXTERNAL_STORAGE
IMPLIED from examples/android/AndroidManifest.xml:18:1-50:12 reason: com.google.android.gms.maps requested WRITE_EXTERNAL_STORAGE
uses-permission#com.google.android.c2dm.permission.RECEIVE
ADDED from [com.google.android.gms:play-services-gcm:7.8.0] AndroidManifest.xml:21:5-82
	android:name
		ADDED from [com.google.android.gms:play-services-gcm:7.8.0] AndroidManifest.xml:21:22-79
uses-permission#android.permission.GET_ACCOUNTS
ADDED from [com.google.android.gms:play-services-wallet:7.8.0] AndroidManifest.xml:21:5-70
	android:name
		ADDED from [com.google.android.gms:play-services-wallet:7.8.0] AndroidManifest.xml:21:22-68
uses-permission#android.permission.USE_CREDENTIALS
ADDED from [com.google.android.gms:play-services-wallet:7.8.0] AndroidManifest.xml:22:5-73
	android:name
		ADDED from [com.google.android.gms:play-services-wallet:7.8.0] AndroidManifest.xml:22:22-71